<?xml version="1.0" encoding="UTF-8"?>
<testsuite xmlns:xsi="http://www.w3.org/2001/XMLSchema-instance" xsi:noNamespaceSchemaLocation="https://maven.apache.org/surefire/maven-surefire-plugin/xsd/surefire-test-report-3.0.xsd" version="3.0" name="com.compasso.ecommerce_app.EcommerceAppApplicationTests" time="6.003" tests="1" errors="0" skipped="0" failures="0">
  <properties>
[...]
</properties>
  <testcase name="contextLoads" classname="com.compasso.ecommerce_app.EcommerceAppApplicationTests" time="0.416">
    <system-out><![CDATA[06:13:59.930 [main] INFO org.springframework.test.context.support.AnnotationConfigContextLoaderUtils -- Could not detect default configuration classes for test class [com.compasso.ecommerce_app.EcommerceAppApplicationTests]: EcommerceAppApplicationTests does not declare any static, non-private, non-final, nested classes annotated with @Configuration.
06:14:00.026 [main] INFO org.springframework.boot.test.context.SpringBootTestContextBootstrapper -- Found @SpringBootConfiguration com.compasso.ecommerce_app.EcommerceAppApplication for test class com.compasso.ecommerce_app.EcommerceAppApplicationTests
06:14:00.153 [main] INFO org.springframework.boot.devtools.restart.RestartApplicationListener -- Restart disabled due to context in which it is running

  .   ____          _            __ _ _
 /\\ / ___'_ __ _ _(_)_ __  __ _ \ \ \ \
( ( )\___ | '_ | '_| | '_ \/ _` | \ \ \ \
 \\/  ___)| |_)| | | | | || (_| |  ) ) ) )
  '  |____| .__|_| |_|_| |_\__, | / / / /
 =========|_|==============|___/=/_/_/_/

 :: Spring Boot ::                (v3.3.3)

2024-09-09T06:14:00.441-03:00  INFO 252901 --- [ecommerce-app] [           main] c.c.e.EcommerceAppApplicationTests       : Starting EcommerceAppApplicationTests using Java 21.0.4 with PID 252901 (started by mabellemos in /home/mabellemos/Documentos/projects/web/ecommerce-app)
2024-09-09T06:14:00.442-03:00  INFO 252901 --- [ecommerce-app] [           main] c.c.e.EcommerceAppApplicationTests       : No active profile set, falling back to 1 default profile: "default"
2024-09-09T06:14:01.295-03:00  INFO 252901 --- [ecommerce-app] [           main] .s.d.r.c.RepositoryConfigurationDelegate : Bootstrapping Spring Data JPA repositories in DEFAULT mode.
2024-09-09T06:14:01.347-03:00  INFO 252901 --- [ecommerce-app] [           main] .s.d.r.c.RepositoryConfigurationDelegate : Finished Spring Data repository scanning in 46 ms. Found 6 JPA repository interfaces.
2024-09-09T06:14:01.999-03:00  INFO 252901 --- [ecommerce-app] [           main] o.hibernate.jpa.internal.util.LogHelper  : HHH000204: Processing PersistenceUnitInfo [name: default]
2024-09-09T06:14:02.049-03:00  INFO 252901 --- [ecommerce-app] [           main] org.hibernate.Version                    : HHH000412: Hibernate ORM core version 6.5.2.Final
2024-09-09T06:14:02.080-03:00  INFO 252901 --- [ecommerce-app] [           main] o.h.c.internal.RegionFactoryInitiator    : HHH000026: Second-level cache disabled
2024-09-09T06:14:02.418-03:00  INFO 252901 --- [ecommerce-app] [           main] o.s.o.j.p.SpringPersistenceUnitInfo      : No LoadTimeWeaver setup: ignoring JPA class transformer
2024-09-09T06:14:02.452-03:00  INFO 252901 --- [ecommerce-app] [           main] com.zaxxer.hikari.HikariDataSource       : HikariPool-1 - Starting...
2024-09-09T06:14:02.813-03:00  INFO 252901 --- [ecommerce-app] [           main] com.zaxxer.hikari.pool.HikariPool        : HikariPool-1 - Added connection com.mysql.cj.jdbc.ConnectionImpl@588d630d
2024-09-09T06:14:02.815-03:00  INFO 252901 --- [ecommerce-app] [           main] com.zaxxer.hikari.HikariDataSource       : HikariPool-1 - Start completed.
2024-09-09T06:14:02.859-03:00  WARN 252901 --- [ecommerce-app] [           main] org.hibernate.orm.deprecation            : HHH90000025: MySQLDialect does not need to be specified explicitly using 'hibernate.dialect' (remove the property setting and it will be selected by default)
2024-09-09T06:14:03.653-03:00  INFO 252901 --- [ecommerce-app] [           main] o.h.e.t.j.p.i.JtaPlatformInitiator       : HHH000489: No JTA platform available (set 'hibernate.transaction.jta.platform' to enable JTA platform integration)
2024-09-09T06:14:03.754-03:00  INFO 252901 --- [ecommerce-app] [           main] j.LocalContainerEntityManagerFactoryBean : Initialized JPA EntityManagerFactory for persistence unit 'default'
2024-09-09T06:14:04.105-03:00  INFO 252901 --- [ecommerce-app] [           main] o.s.d.j.r.query.QueryEnhancerFactory     : Hibernate is in classpath; If applicable, HQL parser will be used.
2024-09-09T06:14:04.434-03:00  INFO 252901 --- [ecommerce-app] [           main] eAuthenticationProviderManagerConfigurer : Global AuthenticationManager configured with AuthenticationProvider bean with name authenticationProvider
2024-09-09T06:14:04.435-03:00  WARN 252901 --- [ecommerce-app] [           main] r$InitializeUserDetailsManagerConfigurer : Global AuthenticationManager configured with an AuthenticationProvider bean. UserDetailsService beans will not be used for username/password login. Consider removing the AuthenticationProvider bean. Alternatively, consider using the UserDetailsService in a manually instantiated DaoAuthenticationProvider.
2024-09-09T06:14:04.572-03:00  WARN 252901 --- [ecommerce-app] [           main] JpaBaseConfiguration$JpaWebConfiguration : spring.jpa.open-in-view is enabled by default. Therefore, database queries may be performed during view rendering. Explicitly configure spring.jpa.open-in-view to disable this warning
2024-09-09T06:14:04.688-03:00  INFO 252901 --- [ecommerce-app] [           main] o.s.b.a.h2.H2ConsoleAutoConfiguration    : H2 console available at '/h2-console'. Database available at 'jdbc:mysql://localhost:3306/ECOMMERCE'
2024-09-09T06:14:04.971-03:00  WARN 252901 --- [ecommerce-app] [           main] o.s.s.c.a.web.builders.WebSecurity       : You are asking Spring Security to ignore Deferred [Mvc [pattern='/h2-console/**'], Ant [pattern='/h2-console/**']]. This is not recommended -- please use permitAll via HttpSecurity#authorizeHttpRequests instead.
2024-09-09T06:14:04.971-03:00  WARN 252901 --- [ecommerce-app] [           main] o.s.s.c.a.web.builders.WebSecurity       : You are asking Spring Security to ignore Deferred [Mvc [pattern='/swagger-ui/**'], Ant [pattern='/swagger-ui/**']]. This is not recommended -- please use permitAll via HttpSecurity#authorizeHttpRequests instead.
2024-09-09T06:14:04.971-03:00  WARN 252901 --- [ecommerce-app] [           main] o.s.s.c.a.web.builders.WebSecurity       : You are asking Spring Security to ignore Deferred [Mvc [pattern='/swagger-ui.html**'], Ant [pattern='/swagger-ui.html**']]. This is not recommended -- please use permitAll via HttpSecurity#authorizeHttpRequests instead.
2024-09-09T06:14:04.972-03:00  WARN 252901 --- [ecommerce-app] [           main] o.s.s.c.a.web.builders.WebSecurity       : You are asking Spring Security to ignore Deferred [Mvc [pattern='/v2/api-docs'], Ant [pattern='/v2/api-docs']]. This is not recommended -- please use permitAll via HttpSecurity#authorizeHttpRequests instead.
2024-09-09T06:14:04.972-03:00  WARN 252901 --- [ecommerce-app] [           main] o.s.s.c.a.web.builders.WebSecurity       : You are asking Spring Security to ignore Deferred [Mvc [pattern='/swagger-resources/**'], Ant [pattern='/swagger-resources/**']]. This is not recommended -- please use permitAll via HttpSecurity#authorizeHttpRequests instead.
2024-09-09T06:14:05.348-03:00  INFO 252901 --- [ecommerce-app] [           main] c.c.e.EcommerceAppApplicationTests       : Started EcommerceAppApplicationTests in 5.206 seconds (process running for 6.054)
]]></system-out>
    <system-err><![CDATA[WARNING: A Java agent has been loaded dynamically (/home/mabellemos/.m2/repository/net/bytebuddy/byte-buddy-agent/1.14.19/byte-buddy-agent-1.14.19.jar)
WARNING: If a serviceability tool is in use, please run with -XX:+EnableDynamicAgentLoading to hide this warning
WARNING: If a serviceability tool is not in use, please run with -Djdk.instrument.traceUsage for more information
WARNING: Dynamic loading of agents will be disallowed by default in a future release
]]></system-err>
  </testcase>
</testsuite>